[2026-03-20 20:17:43] 界面已启动
[2026-03-20 20:23:08] 界面已启动
[2026-03-20 20:23:15] 界面已启动
[2026-03-20 20:26:57] 界面已启动
[2026-03-20 20:29:32] 配置已重新读取
[2026-03-20 20:29:49] 配置已重新读取
[2026-03-20 20:31:38] custom-customf9: 当前使用中, latency=621
[2026-03-20 20:35:32] 界面已启动
[2026-03-20 20:38:50] 界面已启动
[2026-03-20 20:44:12] 界面已启动
[2026-03-20 20:48:21] 界面已启动
[2026-03-20 20:54:32] 界面已启动
[2026-03-20 22:18:31] 界面已启动
[2026-03-20 22:18:36] 开始测试全部供应商
[2026-03-20 22:18:38] 检测完成
[2026-03-20 22:19:57] 配置已重新读取
[2026-03-20 22:23:59] 配置已重新读取
[2026-03-20 22:26:00] 配置已重新读取
[2026-03-20 22:56:38] 界面已启动
[2026-03-20 22:56:39] 配置已重新读取
[2026-03-20 22:56:44] 界面已启动
[2026-03-20 23:03:54] 界面已启动
[2026-03-20 23:10:02] 界面已启动
[2026-03-20 23:13:30] 界面已启动
[2026-03-20 23:17:02] 界面已启动
[2026-03-20 23:17:31] 界面已启动
